app/proguard-rules.pro
# Add project specific ProGuard rules here.
# By default, the flags in this file are appended to flags specified
# in F:\sdk/tools/proguard/proguard-android.txt
# You can edit the include path and order by changing the proguardFiles
# directive in build.gradle.
#
# For more details, see
#   http://developer.android.com/guide/developing/tools/proguard.html

# Add any project specific keep options here:

# If your project uses WebView with JS, uncomment the following
# and specify the fully qualified class name to the JavaScript interface
# class:
#-keepclassmembers class fqcn.of.javascript.interface.for.webview {
#   public *;
#}

# Uncomment this to preserve the line number information for
# debugging stack traces.
#-keepattributes SourceFile,LineNumberTable

# If you keep the line number information, uncomment this to
# hide the original source file name.
#-renamesourcefileattribute SourceFile
-keepattributes *Annotation*
-keepattributes *JavascriptInterface*

-optimizationpasses 5          # 指定代码的压缩级别
-verbose
-optimizations !code/simplification/arithmetic,!field/*,!class/merging/*  # 混淆时所采用的算法

-keep public class * extends android.app.AppCompatActivity      # 保持哪些类不被混淆
-keep public class * extends android.app.Application   # 保持哪些类不被混淆
-keep public class * extends android.app.Service       # 保持哪些类不被混淆
-keep public class * extends android.content.BroadcastReceiver  # 保持哪些类不被混淆
-keep public class * extends android.content.ContentProvider    # 保持哪些类不被混淆
-keep public class * extends android.app.backup.BackupAgentHelper # 保持哪些类不被混淆
-keep public class * extends android.preference.Preference        # 保持哪些类不被混淆
-keep public class com.android.vending.licensing.ILicensingService    # 保持哪些类不被混淆
-keepclasseswithmembernames class * {  # 保持 native 方法不被混淆
    native <methods>;
}
-keepclasseswithmembers class * {   # 保持自定义控件类不被混淆
    public <init>(android.content.Context, android.util.AttributeSet);
}
-keepclasseswithmembers class * {# 保持自定义控件类不被混淆
    public <init>(android.content.Context, android.util.AttributeSet, int);
}
-keepclassmembers class * extends android.app.Activity { # 保持自定义控件类不被混淆
    public void *(android.view.View);
}
-keepclassmembers enum * {     # 保持枚举 enum 类不被混淆
    public static **[] values();
    public static ** valueOf(java.lang.String);
}
-keep class * implements android.os.Parcelable { # 保持 Parcelable 不被混淆
    public static final android.os.Parcelable$Creator *;
}
#如果有引用v4包可以添加下面这行
-keep public class * extends android.support.v4.app.Fragment
#忽略警告
-ignorewarning

#实体类不混淆
-keep class com.ascba.rebate.bean.**{
    *;
}
#adapter不混淆
-keep class com.ascba.rebate.adapter.**{
    *;
}

#fastjson
-dontwarn com.alibaba.fastjson.**
-keep class com.alibaba.fastjson.** { *; }

#nohttp
-dontwarn com.yanzhenjie.nohttp.**
-keep class com.yanzhenjie.nohttp.**{*;}
#okhttp
-dontwarn okhttp3.**
-keep class okhttp3.** {*;}
-dontwarn okio.**
-keep class okio.** {*;}
#picasso
-dontwarn com.squareup.okhttp.**
#支付宝
-keep class com.alipay.android.app.IAlixPay{*;}
-keep class com.alipay.android.app.IAlixPay$Stub{*;}
-keep class com.alipay.android.app.IRemoteServiceCallback{*;}
-keep class com.alipay.android.app.IRemoteServiceCallback$Stub{*;}
-keep class com.alipay.sdk.app.PayTask{ public *;}
-keep class com.alipay.sdk.app.AuthTask{ public *;}
-keep class com.alipay.sdk.app.H5PayCallback {
    <fields>;
    <methods>;
}
-keep class com.alipay.android.phone.mrpc.core.** { *; }
-keep class com.alipay.apmobilesecuritysdk.** { *; }
-keep class com.alipay.mobile.framework.service.annotation.** { *; }
-keep class com.alipay.mobilesecuritysdk.face.** { *; }
-keep class com.alipay.tscenter.biz.rpc.** { *; }
-keep class org.json.alipay.** { *; }
-keep class com.alipay.tscenter.** { *; }
-keep class com.ta.utdid2.** { *;}
-keep class com.ut.device.** { *;}
# banner 的混淆代码
-keep class com.youth.banner.** {
    *;
}
#微信支付混淆
-keep class com.tencent.mm.opensdk.** {
   *;
}
-keep class com.tencent.wxop.** {
   *;
}
-keep class com.tencent.mm.sdk.** {
   *;
}
#jpush
-dontoptimize
-dontpreverify
-dontwarn cn.jpush.**
-keep class cn.jpush.** { *; }
-keep class * extends cn.jpush.android.helpers.JPushMessageReceiver { *; }
-dontwarn cn.jiguang.**
-keep class cn.jiguang.** { *; }

#基线包使用，生成mapping.txt
-printmapping mapping.txt
#生成的mapping.txt在app/buidl/outputs/mapping/release路径下，移动到/app路径下
#修复后的项目使用，保证混淆结果一致
-applymapping mapping.txt

#hotfix
-keep class com.taobao.sophix.**{*;}
-keep class com.ta.utdid2.device.**{*;}
#防止inline
-dontoptimize