app/mapping.txt
com.ascba.rebate.R -> com.ascba.rebate.a:
com.ascba.rebate.R$styleable -> com.ascba.rebate.a$a:
    int[] ActionBar -> ActionBar
    int[] ActionBarLayout -> ActionBarLayout
    int ActionBarLayout_android_layout_gravity -> ActionBarLayout_android_layout_gravity
    int ActionBar_background -> ActionBar_background
    int ActionBar_backgroundSplit -> ActionBar_backgroundSplit
    int ActionBar_backgroundStacked -> ActionBar_backgroundStacked
    int ActionBar_contentInsetEnd -> ActionBar_contentInsetEnd
    int ActionBar_contentInsetEndWithActions -> ActionBar_contentInsetEndWithActions
    int ActionBar_contentInsetLeft -> ActionBar_contentInsetLeft
    int ActionBar_contentInsetRight -> ActionBar_contentInsetRight
    int ActionBar_contentInsetStart -> ActionBar_contentInsetStart
    int ActionBar_contentInsetStartWithNavigation -> ActionBar_contentInsetStartWithNavigation
    int ActionBar_customNavigationLayout -> ActionBar_customNavigationLayout
    int ActionBar_displayOptions -> ActionBar_displayOptions
    int ActionBar_divider -> ActionBar_divider
    int ActionBar_elevation -> ActionBar_elevation
    int ActionBar_height -> ActionBar_height
    int ActionBar_hideOnContentScroll -> ActionBar_hideOnContentScroll
    int ActionBar_homeAsUpIndicator -> ActionBar_homeAsUpIndicator
    int ActionBar_homeLayout -> ActionBar_homeLayout
    int ActionBar_icon -> ActionBar_icon
    int ActionBar_indeterminateProgressStyle -> ActionBar_indeterminateProgressStyle
    int ActionBar_itemPadding -> ActionBar_itemPadding
com.ascba.rebate.activities.bank_card.AddBankCardActivity -> com.ascba.rebate.activities.bank_card.AddBankCardActivity:
    com.ascba.rebate.view.EditTextHint etNum -> m
    android.widget.Button btnCheck -> n
    android.widget.TextView tvName -> o
    void <init>() -> <init>
    int bindLayout() -> j
    void initViews(android.os.Bundle) -> a
    void beforeTextChanged(java.lang.CharSequence,int,int,int) -> beforeTextChanged
    void onTextChanged(java.lang.CharSequence,int,int,int) -> onTextChanged
    void afterTextChanged(android.text.Editable) -> afterTextChanged
    void nameAttention(android.view.View) -> nameAttention
    void onClick(android.view.View) -> onClick
    void mHandle200(int,com.ascba.rebate.bean.Result) -> a
    void onActivityResult(int,int,android.content.Intent) -> onActivityResult
com.ascba.rebate.activities.bank_card.BankCardListActivity -> com.ascba.rebate.activities.bank_card.BankCardListActivity:
    com.ascba.rebate.adapter.BankCardAdapter adapter -> m
    java.util.List data -> n
    int deletePosition -> o
    android.view.View footView -> p
    void <init>() -> <init>
    int bindLayout() -> j
    void initViews(android.os.Bundle) -> a
    void requestDelete(int) -> e
    void requestData() -> m
    void mHandle200(int,com.ascba.rebate.bean.Result) -> a
    void onClick(android.view.View) -> onClick
    void onActivityResult(int,int,android.content.Intent) -> onActivityResult
    void access$000(com.ascba.rebate.activities.bank_card.BankCardListActivity) -> a
    int access$102(com.ascba.rebate.activities.bank_card.BankCardListActivity,int) -> a
    java.util.List access$200(com.ascba.rebate.activities.bank_card.BankCardListActivity) -> b
    void access$300(com.ascba.rebate.activities.bank_card.BankCardListActivity,int) -> b
    com.ascba.rebate.manager.DialogManager access$400(com.ascba.rebate.activities.bank_card.BankCardListActivity) -> c
    void access$500(com.ascba.rebate.activities.bank_card.BankCardListActivity,java.lang.Class,android.os.Bundle) -> a
com.ascba.rebate.activities.bank_card.BankCardListActivity$1 -> com.ascba.rebate.activities.bank_card.BankCardListActivity$1:
    com.ascba.rebate.activities.bank_card.BankCardListActivity this$0 -> a
    void <init>(com.ascba.rebate.activities.bank_card.BankCardListActivity) -> <init>
    void onRefresh(com.scwang.smartrefresh.layout.api.RefreshLayout) -> a_
...
cn.jiguang.d.d.g -> cn.jiguang.d.d.g:
    java.lang.String b -> b
    java.lang.String c -> c
    int d -> d
    cn.jiguang.d.d.e a -> a
    void <init>(cn.jiguang.d.d.e) -> <init>
    java.lang.String a(cn.jiguang.d.d.g) -> a
    java.lang.String b(cn.jiguang.d.d.g) -> b
    int c(cn.jiguang.d.d.g) -> c
    void <init>(cn.jiguang.d.d.e,byte) -> <init>
    java.lang.String a(cn.jiguang.d.d.g,java.lang.String) -> a
    java.lang.String b(cn.jiguang.d.d.g,java.lang.String) -> b
    int a(cn.jiguang.d.d.g,int) -> a
cn.jiguang.d.d.h -> cn.jiguang.d.d.h:
    boolean a -> a
    boolean b -> b
    boolean c -> c
    boolean d -> d
    cn.jiguang.d.d.h e -> e
    java.lang.Object f -> f
    java.util.Map g -> g
    void <init>() -> <init>
    cn.jiguang.d.d.h a() -> a
    boolean g() -> g
    boolean h() -> h
    boolean i() -> i
    boolean j() -> j
    short b() -> b
    short c() -> c
    short d() -> d
    boolean e() -> e
    void a(android.content.Context) -> a
    void a(short,java.lang.String,java.lang.String) -> a
    void a(android.content.Context,long,int) -> a
    void a(android.content.Context,long) -> a
    void b(android.content.Context,long) -> b
    java.lang.String a(android.content.Context,java.lang.String) -> a
    boolean b(android.content.Context) -> b
    boolean f() -> f
    void <clinit>() -> <clinit>
cn.jiguang.d.d.i -> cn.jiguang.d.d.i:
    void <init>() -> <init>
    long dispatchMessage(android.content.Context,long,int,java.lang.Object,java.nio.ByteBuffer) -> dispatchMessage
    void onActionRun(android.content.Context,long,android.os.Bundle,java.lang.Object) -> onActionRun
    boolean isSupportedCMD(int) -> isSupportedCMD
    void onEvent(android.content.Context,long,int) -> onEvent
    void handleMessage(android.content.Context,long,java.lang.Object) -> handleMessage
    android.os.IBinder getBinderByType(java.lang.String) -> getBinderByType
    java.lang.String getSdkVersion() -> getSdkVersion
    void dispatchTimeOutMessage(android.content.Context,long,long,int) -> dispatchTimeOutMessage
cn.jiguang.d.d.j -> cn.jiguang.d.d.j:
    boolean a -> a
    android.os.Handler b -> b
    android.content.Context c -> c
    cn.jiguang.d.d.j d -> d
    void <init>() -> <init>
    cn.jiguang.d.d.j a() -> a
    void a(android.content.Context) -> a
    void b() -> b
    void c() -> c
    void b(android.content.Context) -> b
    android.content.Context a(cn.jiguang.d.d.j) -> a
    void <clinit>() -> <clinit>
cn.jiguang.d.d.k -> cn.jiguang.d.d.k:
    cn.jiguang.d.d.j a -> a
    void <init>(cn.jiguang.d.d.j,android.os.Looper) -> <init>
    void handleMessage(android.os.Message) -> handleMessage
cn.jiguang.d.d.l -> cn.jiguang.d.d.l:
    int a(android.content.Context,org.json.JSONObject,boolean) -> a
    int a(android.content.Context,java.lang.String,org.json.JSONObject,boolean,int) -> a
cn.jiguang.d.d.m -> cn.jiguang.d.d.m:
    boolean a -> a
    android.content.Context b -> b
    java.lang.Object c -> c
    cn.jiguang.d.d.m d -> d
    boolean e -> e
    boolean f -> f
    void <init>() -> <init>
    cn.jiguang.d.d.m a() -> a
    void a(android.content.Context) -> a
    void a(android.content.Context,java.lang.String,android.os.Bundle) -> a
    void b(android.content.Context,java.lang.String,android.os.Bundle) -> b
    boolean c(android.content.Context,java.lang.String,android.os.Bundle) -> c
    boolean a(java.lang.String,android.os.Bundle) -> a
    void a(cn.jiguang.d.d.m,java.lang.String,android.os.Bundle) -> a
    boolean a(cn.jiguang.d.d.m,android.content.Context,java.lang.String,android.os.Bundle) -> a
    boolean a(cn.jiguang.d.d.m) -> a
    void <clinit>() -> <clinit>
cn.jiguang.d.d.n -> cn.jiguang.d.d.n:
    java.lang.String b -> b
    android.os.Bundle c -> c
    int d -> d
    android.content.Context e -> e
    cn.jiguang.d.d.m a -> a
    void <init>(cn.jiguang.d.d.m,android.content.Context,java.lang.String,android.os.Bundle,int) -> <init>
    void run() -> run